# JRE version: Java(TM) SE Runtime Environment (21.0.1+12) (build 21.0.1+12-LTS-29)
# Java VM: Java HotSpot(TM) 64-Bit Server VM (21.0.1+12-LTS-29, mixed mode, sharing, tiered, compressed oops, compressed class ptrs, g1 gc, windows-amd64)
GC Precious Log:
 CardTable entry size: 512
 Card Set container configuration: InlinePtr #cards 5 size 8 Array Of Cards #cards 12 size 40 Howl #buckets 4 coarsen threshold 1843 Howl Bitmap #cards 512 size 80 coarsen threshold 460 Card regions per heap region 1 cards per card region 2048
 CPUs: 8 total, 8 available
 Memory: 7930M
 Large Page Support: Disabled
 NUMA Support: Disabled
 Compressed Oops: Enabled (32-bit)
 Heap Region Size: 1M
 Heap Min Capacity: 8M
 Heap Initial Capacity: 124M
 Heap Max Capacity: 1984M
 Pre-touch: Disabled
 Parallel Workers: 8
 Concurrent Workers: 2
 Concurrent Refinement Workers: 8
 Periodic GC: Disabled
Heap:
 garbage-first heap   total 171008K, used 103022K [0x0000000084000000, 0x0000000100000000)
  region size 1024K, 47 young (48128K), 5 survivors (5120K)
 Metaspace       used 53136K, committed 53632K, reserved 1114112K
  class space    used 6066K, committed 6272K, reserved 1048576K
GC Heap History (20 events):
Event: 3.783 GC heap before
{Heap before GC invocations=0 (full 0):
 garbage-first heap   total 126976K, used 27648K [0x0000000084000000, 0x0000000100000000)
  region size 1024K, 23 young (23552K), 0 survivors (0K)
 Metaspace       used 11014K, committed 11200K, reserved 1114112K
  class space    used 1209K, committed 1280K, reserved 1048576K
}
Event: 3.789 GC heap after
{Heap after GC invocations=1 (full 0):
 garbage-first heap   total 126976K, used 12586K [0x0000000084000000, 0x0000000100000000)
  region size 1024K, 3 young (3072K), 3 survivors (3072K)
 Metaspace       used 11014K, committed 11200K, reserved 1114112K
  class space    used 1209K, committed 1280K, reserved 1048576K
}
Event: 155.394 GC heap before
{Heap before GC invocations=1 (full 0):
 garbage-first heap   total 126976K, used 55594K [0x0000000084000000, 0x0000000100000000)
  region size 1024K, 28 young (28672K), 3 survivors (3072K)
 Metaspace       used 19476K, committed 19840K, reserved 1114112K
  class space    used 2207K, committed 2368K, reserved 1048576K
}
Event: 155.402 GC heap after
{Heap after GC invocations=2 (full 0):
 garbage-first heap   total 126976K, used 33405K [0x0000000084000000, 0x0000000100000000)
  region size 1024K, 3 young (3072K), 3 survivors (3072K)
 Metaspace       used 19476K, committed 19840K, reserved 1114112K
  class space    used 2207K, committed 2368K, reserved 1048576K
}
Event: 360.362 GC heap before
{Heap before GC invocations=2 (full 0):
 garbage-first heap   total 126976K, used 55933K [0x0000000084000000, 0x0000000100000000)
  region size 1024K, 26 young (26624K), 3 survivors (3072K)
 Metaspace       used 21189K, committed 21504K, reserved 1114112K
  class space    used 2345K, committed 2496K, reserved 1048576K
}
Event: 360.365 GC heap after
{Heap after GC invocations=3 (full 0):
 garbage-first heap   total 126976K, used 30677K [0x0000000084000000, 0x0000000100000000)
  region size 1024K, 3 young (3072K), 3 survivors (3072K)
 Metaspace       used 21189K, committed 21504K, reserved 1114112K
  class space    used 2345K, committed 2496K, reserved 1048576K
}
Event: 361.803 GC heap before
{Heap before GC invocations=4 (full 0):
 garbage-first heap   total 106496K, used 86997K [0x0000000084000000, 0x0000000100000000)
  region size 1024K, 61 young (62464K), 3 survivors (3072K)
 Metaspace       used 35643K, committed 36096K, reserved 1114112K
  class space    used 4178K, committed 4416K, reserved 1048576K
}
Event: 361.811 GC heap after
{Heap after GC invocations=5 (full 0):
 garbage-first heap   total 106496K, used 32032K [0x0000000084000000, 0x0000000100000000)
  region size 1024K, 6 young (6144K), 6 survivors (6144K)
 Metaspace       used 35643K, committed 36096K, reserved 1114112K
  class space    used 4178K, committed 4416K, reserved 1048576K
}
Event: 361.841 GC heap before
{Heap before GC invocations=5 (full 0):
 garbage-first heap   total 106496K, used 33056K [0x0000000084000000, 0x0000000100000000)
  region size 1024K, 8 young (8192K), 6 survivors (6144K)
 Metaspace       used 36027K, committed 36416K, reserved 1114112K
  class space    used 4223K, committed 4416K, reserved 1048576K
}
Event: 361.846 GC heap after
{Heap after GC invocations=6 (full 0):
 garbage-first heap   total 106496K, used 32058K [0x0000000084000000, 0x0000000100000000)
  region size 1024K, 4 young (4096K), 4 survivors (4096K)
 Metaspace       used 36027K, committed 36416K, reserved 1114112K
  class space    used 4223K, committed 4416K, reserved 1048576K
}
Event: 361.863 GC heap before
{Heap before GC invocations=6 (full 0):
 garbage-first heap   total 106496K, used 32058K [0x0000000084000000, 0x0000000100000000)
  region size 1024K, 5 young (5120K), 4 survivors (4096K)
 Metaspace       used 36358K, committed 36736K, reserved 1114112K
  class space    used 4275K, committed 4480K, reserved 1048576K
}
Event: 361.867 GC heap after
{Heap after GC invocations=7 (full 0):
 garbage-first heap   total 106496K, used 32010K [0x0000000084000000, 0x0000000100000000)
  region size 1024K, 4 young (4096K), 4 survivors (4096K)
 Metaspace       used 36358K, committed 36736K, reserved 1114112K
  class space    used 4275K, committed 4480K, reserved 1048576K
}
Event: 362.719 GC heap before
{Heap before GC invocations=8 (full 0):
 garbage-first heap   total 106496K, used 85258K [0x0000000084000000, 0x0000000100000000)
  region size 1024K, 56 young (57344K), 4 survivors (4096K)
 Metaspace       used 43704K, committed 44160K, reserved 1114112K
  class space    used 5117K, committed 5312K, reserved 1048576K
}
Event: 362.727 GC heap after
{Heap after GC invocations=9 (full 0):
 garbage-first heap   total 106496K, used 45082K [0x0000000084000000, 0x0000000100000000)
  region size 1024K, 7 young (7168K), 7 survivors (7168K)
 Metaspace       used 43704K, committed 44160K, reserved 1114112K
  class space    used 5117K, committed 5312K, reserved 1048576K
}
Event: 367.772 GC heap before
{Heap before GC invocations=9 (full 0):
 garbage-first heap   total 106496K, used 95258K [0x0000000084000000, 0x0000000100000000)
  region size 1024K, 46 young (47104K), 7 survivors (7168K)
 Metaspace       used 51798K, committed 52352K, reserved 1114112K
  class space    used 6027K, committed 6272K, reserved 1048576K
}
Event: 367.783 GC heap after
{Heap after GC invocations=10 (full 0):
 garbage-first heap   total 107520K, used 58935K [0x0000000084000000, 0x0000000100000000)
  region size 1024K, 4 young (4096K), 4 survivors (4096K)
 Metaspace       used 51798K, committed 52352K, reserved 1114112K
  class space    used 6027K, committed 6272K, reserved 1048576K
}
Event: 393.899 GC heap before
{Heap before GC invocations=10 (full 0):
 garbage-first heap   total 107520K, used 83511K [0x0000000084000000, 0x0000000100000000)
  region size 1024K, 29 young (29696K), 4 survivors (4096K)
 Metaspace       used 52664K, committed 53184K, reserved 1114112K
  class space    used 6065K, committed 6272K, reserved 1048576K
}
Event: 393.903 GC heap after
{Heap after GC invocations=11 (full 0):
 garbage-first heap   total 107520K, used 59897K [0x0000000084000000, 0x0000000100000000)
  region size 1024K, 1 young (1024K), 1 survivors (1024K)
 Metaspace       used 52664K, committed 53184K, reserved 1114112K
  class space    used 6065K, committed 6272K, reserved 1048576K
}
Event: 395.630 GC heap before
{Heap before GC invocations=12 (full 0):
 garbage-first heap   total 107520K, used 85497K [0x0000000084000000, 0x0000000100000000)
  region size 1024K, 35 young (35840K), 1 survivors (1024K)
 Metaspace       used 52822K, committed 53312K, reserved 1114112K
  class space    used 6065K, committed 6272K, reserved 1048576K
}
Event: 395.633 GC heap after
{Heap after GC invocations=13 (full 0):
 garbage-first heap   total 171008K, used 55918K [0x0000000084000000, 0x0000000100000000)
  region size 1024K, 5 young (5120K), 5 survivors (5120K)
 Metaspace       used 52822K, committed 53312K, reserved 1114112K
  class space    used 6065K, committed 6272K, reserved 1048576K
}

